[0.417s] Invoking command in '/home/chris-egan/ros2_ws/build/py_pubsub': CONDA_PROMPT_MODIFIER=(base) DEBUGINFOD_URLS=https://debuginfod.ubuntu.com PYTHONPATH=/home/chris-egan/ros2_ws/build/py_pubsub/prefix_override:/usr/lib/python3/dist-packages/colcon_core/task/python/colcon_distutils_commands:/home/chris-egan/ros2_ws/install/py_pubsub/lib/python3.12/site-packages:${PYTHONPATH} /usr/bin/python3 -W ignore:setup.py install is deprecated -W ignore:easy_install command is deprecated setup.py develop --editable --build-directory /home/chris-egan/ros2_ws/build/py_pubsub/build --no-deps symlink_data
[0.588s] running develop
[0.665s] /usr/lib/python3/dist-packages/setuptools/command/easy_install.py:363: UserWarning: Unbuilt egg for pytest-repeat [unknown version] (/usr/lib/python3/dist-packages)
[0.665s]   self.local_index = Environment(self.shadow_path + sys.path)
[0.681s] running egg_info
[0.690s] writing py_pubsub.egg-info/PKG-INFO
[0.690s] writing dependency_links to py_pubsub.egg-info/dependency_links.txt
[0.690s] writing entry points to py_pubsub.egg-info/entry_points.txt
[0.690s] writing requirements to py_pubsub.egg-info/requires.txt
[0.690s] writing top-level names to py_pubsub.egg-info/top_level.txt
[0.709s] reading manifest file 'py_pubsub.egg-info/SOURCES.txt'
[0.709s] writing manifest file 'py_pubsub.egg-info/SOURCES.txt'
[0.719s] running build_ext
[0.719s] Creating /home/chris-egan/ros2_ws/install/py_pubsub/lib/python3.12/site-packages/py-pubsub.egg-link (link to .)
[0.719s] Installing depth_sub script to /home/chris-egan/ros2_ws/install/py_pubsub/lib/py_pubsub
[0.720s] Installing rgb_sub script to /home/chris-egan/ros2_ws/install/py_pubsub/lib/py_pubsub
[0.720s] 
[0.720s] Installed /home/chris-egan/ros2_ws/build/py_pubsub
[0.720s] running symlink_data
[0.736s] Invoked command in '/home/chris-egan/ros2_ws/build/py_pubsub' returned '0': CONDA_PROMPT_MODIFIER=(base) DEBUGINFOD_URLS=https://debuginfod.ubuntu.com PYTHONPATH=/home/chris-egan/ros2_ws/build/py_pubsub/prefix_override:/usr/lib/python3/dist-packages/colcon_core/task/python/colcon_distutils_commands:/home/chris-egan/ros2_ws/install/py_pubsub/lib/python3.12/site-packages:${PYTHONPATH} /usr/bin/python3 -W ignore:setup.py install is deprecated -W ignore:easy_install command is deprecated setup.py develop --editable --build-directory /home/chris-egan/ros2_ws/build/py_pubsub/build --no-deps symlink_data
