[0.925s] Invoking command in '/home/chris-egan/ros2_ws/src/py_pubsub': CONDA_PROMPT_MODIFIER=(base) DEBUGINFOD_URLS=https://debuginfod.ubuntu.com PYTHONPATH=/home/chris-egan/ros2_ws/build/py_pubsub/prefix_override:/usr/lib/python3/dist-packages/colcon_core/task/python/colcon_distutils_commands:/home/chris-egan/ros2_ws/install/py_pubsub/lib/python3.12/site-packages:${PYTHONPATH} /usr/bin/python3 -W ignore:setup.py install is deprecated -W ignore:easy_install command is deprecated setup.py egg_info --egg-base ../../build/py_pubsub build --build-base /home/chris-egan/ros2_ws/build/py_pubsub/build install --record /home/chris-egan/ros2_ws/build/py_pubsub/install.log --single-version-externally-managed install_data
[1.221s] running egg_info
[1.241s] writing ../../build/py_pubsub/py_pubsub.egg-info/PKG-INFO
[1.241s] writing dependency_links to ../../build/py_pubsub/py_pubsub.egg-info/dependency_links.txt
[1.241s] writing entry points to ../../build/py_pubsub/py_pubsub.egg-info/entry_points.txt
[1.241s] writing requirements to ../../build/py_pubsub/py_pubsub.egg-info/requires.txt
[1.242s] writing top-level names to ../../build/py_pubsub/py_pubsub.egg-info/top_level.txt
[1.282s] reading manifest file '../../build/py_pubsub/py_pubsub.egg-info/SOURCES.txt'
[1.282s] adding license file 'LICENSE'
[1.283s] writing manifest file '../../build/py_pubsub/py_pubsub.egg-info/SOURCES.txt'
[1.283s] running build
[1.283s] running build_py
[1.284s] copying py_pubsub/synched_rgb_depth_subscriber.py -> /home/chris-egan/ros2_ws/build/py_pubsub/build/lib/py_pubsub
[1.284s] running install
[1.291s] running install_lib
[1.312s] copying /home/chris-egan/ros2_ws/build/py_pubsub/build/lib/py_pubsub/synched_rgb_depth_subscriber.py -> /home/chris-egan/ros2_ws/install/py_pubsub/lib/python3.12/site-packages/py_pubsub
[1.312s] byte-compiling /home/chris-egan/ros2_ws/install/py_pubsub/lib/python3.12/site-packages/py_pubsub/synched_rgb_depth_subscriber.py to synched_rgb_depth_subscriber.cpython-312.pyc
[1.314s]   File "/home/chris-egan/ros2_ws/install/py_pubsub/lib/python3.12/site-packages/py_pubsub/synched_rgb_depth_subscriber.py", line 92
[1.314s]     concat = np.concatenate((rgb, np.repeat(depth[..., np.newaxis], repeats=3), axis=2), axis=1)
[1.314s]                                                                                 ^^^^^^
[1.314s] SyntaxError: invalid syntax. Maybe you meant '==' or ':=' instead of '='?
[1.314s] 
[1.314s] running install_data
[1.314s] running install_egg_info
[1.336s] removing '/home/chris-egan/ros2_ws/install/py_pubsub/lib/python3.12/site-packages/py_pubsub-0.0.0-py3.12.egg-info' (and everything under it)
[1.336s] Copying ../../build/py_pubsub/py_pubsub.egg-info to /home/chris-egan/ros2_ws/install/py_pubsub/lib/python3.12/site-packages/py_pubsub-0.0.0-py3.12.egg-info
[1.337s] running install_scripts
[1.478s] Installing depth_sub script to /home/chris-egan/ros2_ws/install/py_pubsub/lib/py_pubsub
[1.478s] Installing rgb_sub script to /home/chris-egan/ros2_ws/install/py_pubsub/lib/py_pubsub
[1.478s] Installing synch_sub script to /home/chris-egan/ros2_ws/install/py_pubsub/lib/py_pubsub
[1.478s] writing list of installed files to '/home/chris-egan/ros2_ws/build/py_pubsub/install.log'
[1.512s] Invoked command in '/home/chris-egan/ros2_ws/src/py_pubsub' returned '0': CONDA_PROMPT_MODIFIER=(base) DEBUGINFOD_URLS=https://debuginfod.ubuntu.com PYTHONPATH=/home/chris-egan/ros2_ws/build/py_pubsub/prefix_override:/usr/lib/python3/dist-packages/colcon_core/task/python/colcon_distutils_commands:/home/chris-egan/ros2_ws/install/py_pubsub/lib/python3.12/site-packages:${PYTHONPATH} /usr/bin/python3 -W ignore:setup.py install is deprecated -W ignore:easy_install command is deprecated setup.py egg_info --egg-base ../../build/py_pubsub build --build-base /home/chris-egan/ros2_ws/build/py_pubsub/build install --record /home/chris-egan/ros2_ws/build/py_pubsub/install.log --single-version-externally-managed install_data
