[0.876s] Invoking command in '/home/chris-egan/ros2_ws/src/py_pubsub': CONDA_PROMPT_MODIFIER=(base) DEBUGINFOD_URLS=https://debuginfod.ubuntu.com PYTHONPATH=/home/chris-egan/ros2_ws/build/py_pubsub/prefix_override:/usr/lib/python3/dist-packages/colcon_core/task/python/colcon_distutils_commands:/home/chris-egan/ros2_ws/install/py_pubsub/lib/python3.12/site-packages:${PYTHONPATH} /usr/bin/python3 -W ignore:setup.py install is deprecated -W ignore:easy_install command is deprecated setup.py egg_info --egg-base ../../build/py_pubsub build --build-base /home/chris-egan/ros2_ws/build/py_pubsub/build install --record /home/chris-egan/ros2_ws/build/py_pubsub/install.log --single-version-externally-managed install_data
[1.164s] running egg_info
[1.183s] writing ../../build/py_pubsub/py_pubsub.egg-info/PKG-INFO
[1.183s] writing dependency_links to ../../build/py_pubsub/py_pubsub.egg-info/dependency_links.txt
[1.183s] writing entry points to ../../build/py_pubsub/py_pubsub.egg-info/entry_points.txt
[1.184s] writing requirements to ../../build/py_pubsub/py_pubsub.egg-info/requires.txt
[1.184s] writing top-level names to ../../build/py_pubsub/py_pubsub.egg-info/top_level.txt
[1.224s] reading manifest file '../../build/py_pubsub/py_pubsub.egg-info/SOURCES.txt'
[1.224s] adding license file 'LICENSE'
[1.225s] writing manifest file '../../build/py_pubsub/py_pubsub.egg-info/SOURCES.txt'
[1.225s] running build
[1.225s] running build_py
[1.225s] running install
[1.232s] running install_lib
[1.253s] running install_data
[1.253s] running install_egg_info
[1.274s] removing '/home/chris-egan/ros2_ws/install/py_pubsub/lib/python3.12/site-packages/py_pubsub-0.0.0-py3.12.egg-info' (and everything under it)
[1.274s] Copying ../../build/py_pubsub/py_pubsub.egg-info to /home/chris-egan/ros2_ws/install/py_pubsub/lib/python3.12/site-packages/py_pubsub-0.0.0-py3.12.egg-info
[1.275s] running install_scripts
[1.411s] Installing depth_sub script to /home/chris-egan/ros2_ws/install/py_pubsub/lib/py_pubsub
[1.412s] Installing rgb_sub script to /home/chris-egan/ros2_ws/install/py_pubsub/lib/py_pubsub
[1.412s] Installing synch_sub script to /home/chris-egan/ros2_ws/install/py_pubsub/lib/py_pubsub
[1.412s] writing list of installed files to '/home/chris-egan/ros2_ws/build/py_pubsub/install.log'
[1.442s] Invoked command in '/home/chris-egan/ros2_ws/src/py_pubsub' returned '0': CONDA_PROMPT_MODIFIER=(base) DEBUGINFOD_URLS=https://debuginfod.ubuntu.com PYTHONPATH=/home/chris-egan/ros2_ws/build/py_pubsub/prefix_override:/usr/lib/python3/dist-packages/colcon_core/task/python/colcon_distutils_commands:/home/chris-egan/ros2_ws/install/py_pubsub/lib/python3.12/site-packages:${PYTHONPATH} /usr/bin/python3 -W ignore:setup.py install is deprecated -W ignore:easy_install command is deprecated setup.py egg_info --egg-base ../../build/py_pubsub build --build-base /home/chris-egan/ros2_ws/build/py_pubsub/build install --record /home/chris-egan/ros2_ws/build/py_pubsub/install.log --single-version-externally-managed install_data
