/home/chris-egan/ros2_ws/install/py_pubsub/lib/python3.12/site-packages/py_pubsub/synched_rgb_depth_subscriber.py
/home/chris-egan/ros2_ws/install/py_pubsub/lib/python3.12/site-packages/py_pubsub/rgb_subscriber.py
/home/chris-egan/ros2_ws/install/py_pubsub/lib/python3.12/site-packages/py_pubsub/__init__.py
/home/chris-egan/ros2_ws/install/py_pubsub/lib/python3.12/site-packages/py_pubsub/depth_subscriber.py
/home/chris-egan/ros2_ws/install/py_pubsub/lib/python3.12/site-packages/py_pubsub/__pycache__/synched_rgb_depth_subscriber.cpython-312.pyc
/home/chris-egan/ros2_ws/install/py_pubsub/lib/python3.12/site-packages/py_pubsub/__pycache__/rgb_subscriber.cpython-312.pyc
/home/chris-egan/ros2_ws/install/py_pubsub/lib/python3.12/site-packages/py_pubsub/__pycache__/__init__.cpython-312.pyc
/home/chris-egan/ros2_ws/install/py_pubsub/lib/python3.12/site-packages/py_pubsub/__pycache__/depth_subscriber.cpython-312.pyc
/home/chris-egan/ros2_ws/install/py_pubsub/share/ament_index/resource_index/packages/py_pubsub
/home/chris-egan/ros2_ws/install/py_pubsub/share/py_pubsub/package.xml
/home/chris-egan/ros2_ws/install/py_pubsub/lib/python3.12/site-packages/py_pubsub-0.0.0-py3.12.egg-info/dependency_links.txt
/home/chris-egan/ros2_ws/install/py_pubsub/lib/python3.12/site-packages/py_pubsub-0.0.0-py3.12.egg-info/SOURCES.txt
/home/chris-egan/ros2_ws/install/py_pubsub/lib/python3.12/site-packages/py_pubsub-0.0.0-py3.12.egg-info/zip-safe
/home/chris-egan/ros2_ws/install/py_pubsub/lib/python3.12/site-packages/py_pubsub-0.0.0-py3.12.egg-info/requires.txt
/home/chris-egan/ros2_ws/install/py_pubsub/lib/python3.12/site-packages/py_pubsub-0.0.0-py3.12.egg-info/entry_points.txt
/home/chris-egan/ros2_ws/install/py_pubsub/lib/python3.12/site-packages/py_pubsub-0.0.0-py3.12.egg-info/PKG-INFO
/home/chris-egan/ros2_ws/install/py_pubsub/lib/python3.12/site-packages/py_pubsub-0.0.0-py3.12.egg-info/top_level.txt
/home/chris-egan/ros2_ws/install/py_pubsub/lib/py_pubsub/depth_sub
/home/chris-egan/ros2_ws/install/py_pubsub/lib/py_pubsub/rgb_sub
/home/chris-egan/ros2_ws/install/py_pubsub/lib/py_pubsub/synch_sub
