[0.423s] Invoking command in '/home/chris-egan/ros2_ws/src/py_pubsub': DEBUGINFOD_URLS=https://debuginfod.ubuntu.com PYTHONPATH=/home/chris-egan/ros2_ws/build/py_pubsub/prefix_override:/usr/lib/python3/dist-packages/colcon_core/task/python/colcon_distutils_commands:/home/chris-egan/ros2_ws/install/py_pubsub/lib/python3.12/site-packages:${PYTHONPATH} /usr/bin/python3 -W ignore:setup.py install is deprecated -W ignore:easy_install command is deprecated setup.py egg_info --egg-base ../../build/py_pubsub build --build-base /home/chris-egan/ros2_ws/build/py_pubsub/build install --record /home/chris-egan/ros2_ws/build/py_pubsub/install.log --single-version-externally-managed install_data
[0.561s] running egg_info
[0.570s] writing ../../build/py_pubsub/py_pubsub.egg-info/PKG-INFO
[0.570s] writing dependency_links to ../../build/py_pubsub/py_pubsub.egg-info/dependency_links.txt
[0.570s] writing entry points to ../../build/py_pubsub/py_pubsub.egg-info/entry_points.txt
[0.570s] writing requirements to ../../build/py_pubsub/py_pubsub.egg-info/requires.txt
[0.570s] writing top-level names to ../../build/py_pubsub/py_pubsub.egg-info/top_level.txt
[0.589s] reading manifest file '../../build/py_pubsub/py_pubsub.egg-info/SOURCES.txt'
[0.589s] adding license file 'LICENSE'
[0.589s] writing manifest file '../../build/py_pubsub/py_pubsub.egg-info/SOURCES.txt'
[0.590s] running build
[0.590s] running build_py
[0.590s] copying py_pubsub/synched_rgb_depth_subscriber.py -> /home/chris-egan/ros2_ws/build/py_pubsub/build/lib/py_pubsub
[0.590s] running install
[0.593s] running install_lib
[0.603s] copying /home/chris-egan/ros2_ws/build/py_pubsub/build/lib/py_pubsub/synched_rgb_depth_subscriber.py -> /home/chris-egan/ros2_ws/install/py_pubsub/lib/python3.12/site-packages/py_pubsub
[0.603s] byte-compiling /home/chris-egan/ros2_ws/install/py_pubsub/lib/python3.12/site-packages/py_pubsub/synched_rgb_depth_subscriber.py to synched_rgb_depth_subscriber.cpython-312.pyc
[0.604s] running install_data
[0.604s] running install_egg_info
[0.615s] removing '/home/chris-egan/ros2_ws/install/py_pubsub/lib/python3.12/site-packages/py_pubsub-0.0.0-py3.12.egg-info' (and everything under it)
[0.615s] Copying ../../build/py_pubsub/py_pubsub.egg-info to /home/chris-egan/ros2_ws/install/py_pubsub/lib/python3.12/site-packages/py_pubsub-0.0.0-py3.12.egg-info
[0.615s] running install_scripts
[0.681s] Installing depth_sub script to /home/chris-egan/ros2_ws/install/py_pubsub/lib/py_pubsub
[0.681s] Installing rgb_sub script to /home/chris-egan/ros2_ws/install/py_pubsub/lib/py_pubsub
[0.681s] Installing synch_sub script to /home/chris-egan/ros2_ws/install/py_pubsub/lib/py_pubsub
[0.681s] writing list of installed files to '/home/chris-egan/ros2_ws/build/py_pubsub/install.log'
[0.696s] Invoked command in '/home/chris-egan/ros2_ws/src/py_pubsub' returned '0': DEBUGINFOD_URLS=https://debuginfod.ubuntu.com PYTHONPATH=/home/chris-egan/ros2_ws/build/py_pubsub/prefix_override:/usr/lib/python3/dist-packages/colcon_core/task/python/colcon_distutils_commands:/home/chris-egan/ros2_ws/install/py_pubsub/lib/python3.12/site-packages:${PYTHONPATH} /usr/bin/python3 -W ignore:setup.py install is deprecated -W ignore:easy_install command is deprecated setup.py egg_info --egg-base ../../build/py_pubsub build --build-base /home/chris-egan/ros2_ws/build/py_pubsub/build install --record /home/chris-egan/ros2_ws/build/py_pubsub/install.log --single-version-externally-managed install_data
