[0.926s] Invoking command in '/home/chris-egan/ros2_ws/build/py_pubsub': CONDA_PROMPT_MODIFIER=(base) DEBUGINFOD_URLS=https://debuginfod.ubuntu.com PYTHONPATH=/home/chris-egan/ros2_ws/build/py_pubsub/prefix_override:/usr/lib/python3/dist-packages/colcon_core/task/python/colcon_distutils_commands:/home/chris-egan/ros2_ws/install/py_pubsub/lib/python3.12/site-packages:${PYTHONPATH} /usr/bin/python3 -W ignore:setup.py install is deprecated -W ignore:easy_install command is deprecated setup.py develop --uninstall --editable --build-directory /home/chris-egan/ros2_ws/build/py_pubsub/build
[1.278s] running develop
[1.451s] /usr/lib/python3/dist-packages/setuptools/command/easy_install.py:363: UserWarning: Unbuilt egg for pytest-repeat [unknown version] (/usr/lib/python3/dist-packages)
[1.451s]   self.local_index = Environment(self.shadow_path + sys.path)
[1.488s] Removing /home/chris-egan/ros2_ws/install/py_pubsub/lib/python3.12/site-packages/py-pubsub.egg-link (link to .)
[1.526s] Invoked command in '/home/chris-egan/ros2_ws/build/py_pubsub' returned '0': CONDA_PROMPT_MODIFIER=(base) DEBUGINFOD_URLS=https://debuginfod.ubuntu.com PYTHONPATH=/home/chris-egan/ros2_ws/build/py_pubsub/prefix_override:/usr/lib/python3/dist-packages/colcon_core/task/python/colcon_distutils_commands:/home/chris-egan/ros2_ws/install/py_pubsub/lib/python3.12/site-packages:${PYTHONPATH} /usr/bin/python3 -W ignore:setup.py install is deprecated -W ignore:easy_install command is deprecated setup.py develop --uninstall --editable --build-directory /home/chris-egan/ros2_ws/build/py_pubsub/build
[1.526s] Invoking command in '/home/chris-egan/ros2_ws/src/py_pubsub': CONDA_PROMPT_MODIFIER=(base) DEBUGINFOD_URLS=https://debuginfod.ubuntu.com PYTHONPATH=/home/chris-egan/ros2_ws/build/py_pubsub/prefix_override:/usr/lib/python3/dist-packages/colcon_core/task/python/colcon_distutils_commands:/home/chris-egan/ros2_ws/install/py_pubsub/lib/python3.12/site-packages:${PYTHONPATH} /usr/bin/python3 -W ignore:setup.py install is deprecated -W ignore:easy_install command is deprecated setup.py egg_info --egg-base ../../build/py_pubsub build --build-base /home/chris-egan/ros2_ws/build/py_pubsub/build install --record /home/chris-egan/ros2_ws/build/py_pubsub/install.log --single-version-externally-managed install_data --force
[1.823s] running egg_info
[1.842s] writing ../../build/py_pubsub/py_pubsub.egg-info/PKG-INFO
[1.843s] writing dependency_links to ../../build/py_pubsub/py_pubsub.egg-info/dependency_links.txt
[1.843s] writing entry points to ../../build/py_pubsub/py_pubsub.egg-info/entry_points.txt
[1.843s] writing requirements to ../../build/py_pubsub/py_pubsub.egg-info/requires.txt
[1.844s] writing top-level names to ../../build/py_pubsub/py_pubsub.egg-info/top_level.txt
[1.884s] reading manifest file '../../build/py_pubsub/py_pubsub.egg-info/SOURCES.txt'
[1.884s] adding license file 'LICENSE'
[1.885s] writing manifest file '../../build/py_pubsub/py_pubsub.egg-info/SOURCES.txt'
[1.885s] running build
[1.885s] running build_py
[1.886s] copying py_pubsub/synched_rgb_depth_subscriber.py -> /home/chris-egan/ros2_ws/build/py_pubsub/build/lib/py_pubsub
[1.886s] running install
[1.893s] running install_lib
[1.914s] copying /home/chris-egan/ros2_ws/build/py_pubsub/build/lib/py_pubsub/synched_rgb_depth_subscriber.py -> /home/chris-egan/ros2_ws/install/py_pubsub/lib/python3.12/site-packages/py_pubsub
[1.914s] copying /home/chris-egan/ros2_ws/build/py_pubsub/build/lib/py_pubsub/rgb_subscriber.py -> /home/chris-egan/ros2_ws/install/py_pubsub/lib/python3.12/site-packages/py_pubsub
[1.914s] copying /home/chris-egan/ros2_ws/build/py_pubsub/build/lib/py_pubsub/__init__.py -> /home/chris-egan/ros2_ws/install/py_pubsub/lib/python3.12/site-packages/py_pubsub
[1.915s] copying /home/chris-egan/ros2_ws/build/py_pubsub/build/lib/py_pubsub/depth_subscriber.py -> /home/chris-egan/ros2_ws/install/py_pubsub/lib/python3.12/site-packages/py_pubsub
[1.916s] byte-compiling /home/chris-egan/ros2_ws/install/py_pubsub/lib/python3.12/site-packages/py_pubsub/synched_rgb_depth_subscriber.py to synched_rgb_depth_subscriber.cpython-312.pyc
[1.917s] byte-compiling /home/chris-egan/ros2_ws/install/py_pubsub/lib/python3.12/site-packages/py_pubsub/rgb_subscriber.py to rgb_subscriber.cpython-312.pyc
[1.918s] byte-compiling /home/chris-egan/ros2_ws/install/py_pubsub/lib/python3.12/site-packages/py_pubsub/__init__.py to __init__.cpython-312.pyc
[1.918s] byte-compiling /home/chris-egan/ros2_ws/install/py_pubsub/lib/python3.12/site-packages/py_pubsub/depth_subscriber.py to depth_subscriber.cpython-312.pyc
[1.919s] running install_data
[1.919s] copying resource/py_pubsub -> /home/chris-egan/ros2_ws/install/py_pubsub/share/ament_index/resource_index/packages
[1.919s] copying package.xml -> /home/chris-egan/ros2_ws/install/py_pubsub/share/py_pubsub
[1.919s] running install_egg_info
[1.941s] Copying ../../build/py_pubsub/py_pubsub.egg-info to /home/chris-egan/ros2_ws/install/py_pubsub/lib/python3.12/site-packages/py_pubsub-0.0.0-py3.12.egg-info
[1.942s] running install_scripts
[2.085s] Installing depth_sub script to /home/chris-egan/ros2_ws/install/py_pubsub/lib/py_pubsub
[2.085s] Installing rgb_sub script to /home/chris-egan/ros2_ws/install/py_pubsub/lib/py_pubsub
[2.085s] Installing synch_sub script to /home/chris-egan/ros2_ws/install/py_pubsub/lib/py_pubsub
[2.085s] writing list of installed files to '/home/chris-egan/ros2_ws/build/py_pubsub/install.log'
[2.118s] Invoked command in '/home/chris-egan/ros2_ws/src/py_pubsub' returned '0': CONDA_PROMPT_MODIFIER=(base) DEBUGINFOD_URLS=https://debuginfod.ubuntu.com PYTHONPATH=/home/chris-egan/ros2_ws/build/py_pubsub/prefix_override:/usr/lib/python3/dist-packages/colcon_core/task/python/colcon_distutils_commands:/home/chris-egan/ros2_ws/install/py_pubsub/lib/python3.12/site-packages:${PYTHONPATH} /usr/bin/python3 -W ignore:setup.py install is deprecated -W ignore:easy_install command is deprecated setup.py egg_info --egg-base ../../build/py_pubsub build --build-base /home/chris-egan/ros2_ws/build/py_pubsub/build install --record /home/chris-egan/ros2_ws/build/py_pubsub/install.log --single-version-externally-managed install_data --force
